<testsuites id="" name="" tests="30" failures="0" skipped="30" errors="0" time="0.014932000000000016">
<testsuite name="testDataManager.spec.ts" timestamp="2025-08-15T02:23:06.333Z" hostname="chromium" tests="6" failures="0" skipped="6" time="0" errors="0">
<testcase name="Test Data Manager Tests › should create and manage user credentials" classname="testDataManager.spec.ts" time="0">
<skipped>
</skipped>
</testcase>
<testcase name="Test Data Manager Tests › should generate random user data" classname="testDataManager.spec.ts" time="0">
<skipped>
</skipped>
</testcase>
<testcase name="Test Data Manager Tests › should validate file formats correctly" classname="testDataManager.spec.ts" time="0">
<skipped>
</skipped>
</testcase>
<testcase name="Test Data Manager Tests › should create test files with different sizes" classname="testDataManager.spec.ts" time="0">
<skipped>
</skipped>
</testcase>
<testcase name="Test Data Manager Tests › should provide file upload test data configuration" classname="testDataManager.spec.ts" time="0">
<skipped>
</skipped>
</testcase>
<testcase name="Test Data Manager Tests › should save and retrieve user data" classname="testDataManager.spec.ts" time="0">
<skipped>
</skipped>
</testcase>
</testsuite>
<testsuite name="upload.spec.ts" timestamp="2025-08-15T02:23:06.333Z" hostname="chromium" tests="4" failures="0" skipped="4" time="0" errors="0">
<testcase name="Upload Page Tests › should navigate to upload page and verify page elements" classname="upload.spec.ts" time="0">
<skipped>
</skipped>
</testcase>
<testcase name="Upload Page Tests › should upload a file successfully using test data manager" classname="upload.spec.ts" time="0">
<skipped>
</skipped>
</testcase>
<testcase name="Upload Page Tests › should validate file format using test data manager" classname="upload.spec.ts" time="0">
<skipped>
</skipped>
</testcase>
<testcase name="Upload Page Tests › should handle different file sizes" classname="upload.spec.ts" time="0">
<skipped>
</skipped>
</testcase>
</testsuite>
<testsuite name="testDataManager.spec.ts" timestamp="2025-08-15T02:23:06.333Z" hostname="firefox" tests="6" failures="0" skipped="6" time="0" errors="0">
<testcase name="Test Data Manager Tests › should create and manage user credentials" classname="testDataManager.spec.ts" time="0">
<skipped>
</skipped>
</testcase>
<testcase name="Test Data Manager Tests › should generate random user data" classname="testDataManager.spec.ts" time="0">
<skipped>
</skipped>
</testcase>
<testcase name="Test Data Manager Tests › should validate file formats correctly" classname="testDataManager.spec.ts" time="0">
<skipped>
</skipped>
</testcase>
<testcase name="Test Data Manager Tests › should create test files with different sizes" classname="testDataManager.spec.ts" time="0">
<skipped>
</skipped>
</testcase>
<testcase name="Test Data Manager Tests › should provide file upload test data configuration" classname="testDataManager.spec.ts" time="0">
<skipped>
</skipped>
</testcase>
<testcase name="Test Data Manager Tests › should save and retrieve user data" classname="testDataManager.spec.ts" time="0">
<skipped>
</skipped>
</testcase>
</testsuite>
<testsuite name="upload.spec.ts" timestamp="2025-08-15T02:23:06.333Z" hostname="firefox" tests="4" failures="0" skipped="4" time="0" errors="0">
<testcase name="Upload Page Tests › should navigate to upload page and verify page elements" classname="upload.spec.ts" time="0">
<skipped>
</skipped>
</testcase>
<testcase name="Upload Page Tests › should upload a file successfully using test data manager" classname="upload.spec.ts" time="0">
<skipped>
</skipped>
</testcase>
<testcase name="Upload Page Tests › should validate file format using test data manager" classname="upload.spec.ts" time="0">
<skipped>
</skipped>
</testcase>
<testcase name="Upload Page Tests › should handle different file sizes" classname="upload.spec.ts" time="0">
<skipped>
</skipped>
</testcase>
</testsuite>
<testsuite name="testDataManager.spec.ts" timestamp="2025-08-15T02:23:06.333Z" hostname="webkit" tests="6" failures="0" skipped="6" time="0" errors="0">
<testcase name="Test Data Manager Tests › should create and manage user credentials" classname="testDataManager.spec.ts" time="0">
<skipped>
</skipped>
</testcase>
<testcase name="Test Data Manager Tests › should generate random user data" classname="testDataManager.spec.ts" time="0">
<skipped>
</skipped>
</testcase>
<testcase name="Test Data Manager Tests › should validate file formats correctly" classname="testDataManager.spec.ts" time="0">
<skipped>
</skipped>
</testcase>
<testcase name="Test Data Manager Tests › should create test files with different sizes" classname="testDataManager.spec.ts" time="0">
<skipped>
</skipped>
</testcase>
<testcase name="Test Data Manager Tests › should provide file upload test data configuration" classname="testDataManager.spec.ts" time="0">
<skipped>
</skipped>
</testcase>
<testcase name="Test Data Manager Tests › should save and retrieve user data" classname="testDataManager.spec.ts" time="0">
<skipped>
</skipped>
</testcase>
</testsuite>
<testsuite name="upload.spec.ts" timestamp="2025-08-15T02:23:06.333Z" hostname="webkit" tests="4" failures="0" skipped="4" time="0" errors="0">
<testcase name="Upload Page Tests › should navigate to upload page and verify page elements" classname="upload.spec.ts" time="0">
<skipped>
</skipped>
</testcase>
<testcase name="Upload Page Tests › should upload a file successfully using test data manager" classname="upload.spec.ts" time="0">
<skipped>
</skipped>
</testcase>
<testcase name="Upload Page Tests › should validate file format using test data manager" classname="upload.spec.ts" time="0">
<skipped>
</skipped>
</testcase>
<testcase name="Upload Page Tests › should handle different file sizes" classname="upload.spec.ts" time="0">
<skipped>
</skipped>
</testcase>
</testsuite>
</testsuites>